<?xml version="1.0" encoding="UTF-8"?>
<!-- Generated by org.testng.reporters.JUnitXMLReporter -->
<testsuite ignored="3" hostname="Sujata_Dash" failures="0" tests="2" name="Test" time="73.323" errors="0" timestamp="2024-01-14T23:14:38 IST">
  <testcase classname="testCases.BookFlight" name="bookFlight" time="27.428"/>
  <testcase classname="testCases.HotelBook" name="bookHotel" time="6.708"/>
  <testcase classname="commonFunction.BaseClass" name="@AfterSuite tearDown" time="0.0">
    <ignored/>
  </testcase> <!-- @AfterSuite tearDown -->
  <testcase classname="commonFunction.BaseClass" name="@BeforeSuite launchBrowser" time="0.0">
    <ignored/>
  </testcase> <!-- @BeforeSuite launchBrowser -->
  <testcase classname="commonFunction.BaseClass" name="@BeforeTest reportGeneration" time="0.0">
    <ignored/>
  </testcase> <!-- @BeforeTest reportGeneration -->
</testsuite> <!-- Test -->
