<?xml version="1.0" encoding="UTF-8"?>
<!-- Generated by org.testng.reporters.JUnitXMLReporter -->
<testsuite ignored="3" hostname="LAPTOP-ACUQ2TGU" failures="0" tests="3" name="Test" time="52.036" errors="0" timestamp="2023-06-28T20:25:05 IST">
  <testcase classname="testCases.LogInTC" name="landingPage" time="4.225"/>
  <testcase classname="testCases.LogInTC" name="flightBooking" time="2.709"/>
  <testcase classname="testCases.BookFlight" name="bookFlight" time="39.236"/>
  <testcase classname="commonFunction.BaseClass" name="@AfterSuite tearDown" time="0.0">
    <ignored/>
  </testcase> <!-- @AfterSuite tearDown -->
  <testcase classname="commonFunction.BaseClass" name="@BeforeSuite launchBrowser" time="0.0">
    <ignored/>
  </testcase> <!-- @BeforeSuite launchBrowser -->
  <testcase classname="commonFunction.BaseClass" name="@AfterTest navigateToLandingPage" time="0.0">
    <ignored/>
  </testcase> <!-- @AfterTest navigateToLandingPage -->
</testsuite> <!-- Test -->
