<?xml version="1.0" encoding="UTF-8"?>
<!-- Generated by org.testng.reporters.JUnitXMLReporter -->
<testsuite ignored="3" hostname="Sujata_Dash" failures="0" tests="2" name="Test" time="76.698" errors="0" timestamp="2024-01-14T02:58:52 IST">
  <testcase classname="testCases.BookFlight" name="bookFlight" time="47.735"/>
  <testcase classname="testCases.HotelBook" name="bookHotel" time="5.69"/>
  <testcase classname="commonFunction.BaseClass" name="@AfterSuite tearDown" time="0.0">
    <ignored/>
  </testcase> <!-- @AfterSuite tearDown -->
  <testcase classname="commonFunction.BaseClass" name="@BeforeSuite launchBrowser" time="0.0">
    <ignored/>
  </testcase> <!-- @BeforeSuite launchBrowser -->
  <testcase classname="commonFunction.BaseClass" name="@BeforeTest reportGeneration" time="0.0">
    <ignored/>
  </testcase> <!-- @BeforeTest reportGeneration -->
</testsuite> <!-- Test -->
