<?xml version="1.0" encoding="UTF-8"?>
<testng-results ignored="3" total="5" passed="2" failed="0" skipped="0">
  <reporter-output>
  </reporter-output>
  <suite started-at="2024-01-14T23:13:25 IST" name="Suite" finished-at="2024-01-14T23:14:38 IST" duration-ms="73323">
    <groups>
    </groups>
    <test started-at="2024-01-14T23:13:25 IST" name="Test" finished-at="2024-01-14T23:14:38 IST" duration-ms="73323">
      <class name="testCases.BookFlight">
        <test-method is-config="true" signature="launchBrowser()[pri:0, instance:testCases.BookFlight@4808bc9b]" started-at="2024-01-14T23:13:12 IST" name="launchBrowser" finished-at="2024-01-14T23:13:25 IST" duration-ms="13004" status="PASS">
          <reporter-output>
          </reporter-output>
        </test-method> <!-- launchBrowser -->
        <test-method is-config="true" signature="reportGeneration()[pri:0, instance:testCases.BookFlight@4808bc9b]" started-at="2024-01-14T23:13:25 IST" name="reportGeneration" finished-at="2024-01-14T23:13:25 IST" duration-ms="161" status="PASS">
          <reporter-output>
          </reporter-output>
        </test-method> <!-- reportGeneration -->
        <test-method is-config="true" signature="navigateToLandingPage()[pri:0, instance:testCases.BookFlight@4808bc9b]" started-at="2024-01-14T23:13:25 IST" name="navigateToLandingPage" finished-at="2024-01-14T23:13:51 IST" duration-ms="25905" status="PASS">
          <reporter-output>
          </reporter-output>
        </test-method> <!-- navigateToLandingPage -->
        <test-method signature="bookFlight()[pri:0, instance:testCases.BookFlight@4808bc9b]" started-at="2024-01-14T23:13:51 IST" name="bookFlight" finished-at="2024-01-14T23:14:18 IST" duration-ms="27428" status="PASS">
          <reporter-output>
          </reporter-output>
        </test-method> <!-- bookFlight -->
        <test-method is-config="true" signature="testFail(org.testng.ITestResult)[pri:0, instance:testCases.BookFlight@4808bc9b]" started-at="2024-01-14T23:14:18 IST" name="testFail" finished-at="2024-01-14T23:14:18 IST" duration-ms="0" status="PASS">
          <params>
            <param index="0">
              <value>
                <![CDATA[[TestResult name=bookFlight status=SUCCESS method=BookFlight.bookFlight()[pri:0, instance:testCases.BookFlight@4808bc9b] output={null}]]]>
              </value>
            </param>
          </params>
          <reporter-output>
          </reporter-output>
        </test-method> <!-- testFail -->
        <test-method is-config="true" signature="tearDown()[pri:0, instance:testCases.BookFlight@4808bc9b]" started-at="2024-01-14T23:14:38 IST" name="tearDown" finished-at="2024-01-14T23:14:39 IST" duration-ms="891" status="PASS">
          <reporter-output>
          </reporter-output>
        </test-method> <!-- tearDown -->
      </class> <!-- testCases.BookFlight -->
      <class name="testCases.HotelBook">
        <test-method is-config="true" signature="navigateToLandingPage()[pri:0, instance:testCases.HotelBook@51bf5add]" started-at="2024-01-14T23:14:18 IST" name="navigateToLandingPage" finished-at="2024-01-14T23:14:31 IST" duration-ms="13083" status="PASS">
          <reporter-output>
          </reporter-output>
        </test-method> <!-- navigateToLandingPage -->
        <test-method signature="bookHotel()[pri:0, instance:testCases.HotelBook@51bf5add]" started-at="2024-01-14T23:14:31 IST" name="bookHotel" finished-at="2024-01-14T23:14:38 IST" duration-ms="6708" status="PASS">
          <reporter-output>
          </reporter-output>
        </test-method> <!-- bookHotel -->
        <test-method is-config="true" signature="testFail(org.testng.ITestResult)[pri:0, instance:testCases.HotelBook@51bf5add]" started-at="2024-01-14T23:14:38 IST" name="testFail" finished-at="2024-01-14T23:14:38 IST" duration-ms="0" status="PASS">
          <params>
            <param index="0">
              <value>
                <![CDATA[[TestResult name=bookHotel status=SUCCESS method=HotelBook.bookHotel()[pri:0, instance:testCases.HotelBook@51bf5add] output={null}]]]>
              </value>
            </param>
          </params>
          <reporter-output>
          </reporter-output>
        </test-method> <!-- testFail -->
      </class> <!-- testCases.HotelBook -->
    </test> <!-- Test -->
  </suite> <!-- Suite -->
</testng-results>
